<?xml version="1.0" encoding="UTF-8"?>
<!-- Generated by org.testng.reporters.JUnitReportReporter -->
<testsuite hostname="Birendra-lap" failures="0" tests="1" name="com.inetBanking.testCases.TC_LoginTest" time="3.125" errors="0" timestamp="2022-07-24T20:24:40 IST" skipped="0">
  <testcase classname="com.inetBanking.testCases.TC_LoginTest" name="loginTest" time="3.125"/>
  <system-out/>
</testsuite> <!-- com.inetBanking.testCases.TC_LoginTest -->
