<?xml version="1.0" encoding="UTF-8"?>
<!-- Generated by org.testng.reporters.JUnitReportReporter -->
<testsuite hostname="Birendra-lap" failures="0" tests="1" name="com.inetBanking.testCases.TC_LoginTest" time="3.619" errors="0" timestamp="2022-07-25T23:01:41 IST" skipped="0">
  <testcase classname="com.inetBanking.testCases.TC_LoginTest" name="loginTest" time="3.619"/>
  <system-out/>
</testsuite> <!-- com.inetBanking.testCases.TC_LoginTest -->
